[2023-11-22 19:02:50Z INFO HostContext] No proxy settings were found based on environmental variables (http_proxy/https_proxy/HTTP_PROXY/HTTPS_PROXY)
[2023-11-22 19:02:50Z INFO HostContext] Well known directory 'Bin': 'C:\Users\amira\eslint\self-hosetd_runner\actions-runner\bin'
[2023-11-22 19:02:50Z INFO HostContext] Well known directory 'Root': 'C:\Users\amira\eslint\self-hosetd_runner\actions-runner'
[2023-11-22 19:02:50Z INFO HostContext] Well known config file 'Credentials': 'C:\Users\amira\eslint\self-hosetd_runner\actions-runner\.credentials'
[2023-11-22 19:02:50Z INFO HostContext] Well known directory 'Bin': 'C:\Users\amira\eslint\self-hosetd_runner\actions-runner\bin'
[2023-11-22 19:02:50Z INFO HostContext] Well known directory 'Root': 'C:\Users\amira\eslint\self-hosetd_runner\actions-runner'
[2023-11-22 19:02:50Z INFO HostContext] Well known config file 'Runner': 'C:\Users\amira\eslint\self-hosetd_runner\actions-runner\.runner'
[2023-11-22 19:02:50Z INFO Listener] Runner is built for Windows (X64) - win-x64.
[2023-11-22 19:02:50Z INFO Listener] RuntimeInformation: Microsoft Windows 10.0.22621.
[2023-11-22 19:02:50Z INFO Listener] Version: 2.311.0
[2023-11-22 19:02:50Z INFO Listener] Commit: f5cff308c83746dddd726a9a28a1583872305aaa
[2023-11-22 19:02:50Z INFO Listener] Culture: de-IT
[2023-11-22 19:02:50Z INFO Listener] UI Culture: de-DE
[2023-11-22 19:02:50Z INFO HostContext] Well known directory 'Bin': 'C:\Users\amira\eslint\self-hosetd_runner\actions-runner\bin'
[2023-11-22 19:02:50Z INFO HostContext] Well known directory 'Root': 'C:\Users\amira\eslint\self-hosetd_runner\actions-runner'
[2023-11-22 19:02:50Z INFO Listener] Validating directory permissions for: 'C:\Users\amira\eslint\self-hosetd_runner\actions-runner'
[2023-11-22 19:02:50Z INFO CommandLineParser] Parse
[2023-11-22 19:02:50Z INFO CommandLineParser] Parsing 1 args
[2023-11-22 19:02:50Z INFO CommandLineParser] parsing argument
[2023-11-22 19:02:50Z INFO CommandLineParser] HasArgs: False
[2023-11-22 19:02:50Z INFO CommandLineParser] Adding Command: run
[2023-11-22 19:02:50Z INFO Listener] Arguments parsed
[2023-11-22 19:02:50Z INFO Runner] ExecuteCommand
[2023-11-22 19:02:50Z INFO ConfigurationStore] currentAssemblyLocation: C:\Users\amira\eslint\self-hosetd_runner\actions-runner\bin\Runner.Listener.dll
[2023-11-22 19:02:50Z INFO HostContext] Well known directory 'Bin': 'C:\Users\amira\eslint\self-hosetd_runner\actions-runner\bin'
[2023-11-22 19:02:50Z INFO ConfigurationStore] binPath: C:\Users\amira\eslint\self-hosetd_runner\actions-runner\bin
[2023-11-22 19:02:50Z INFO HostContext] Well known directory 'Bin': 'C:\Users\amira\eslint\self-hosetd_runner\actions-runner\bin'
[2023-11-22 19:02:50Z INFO HostContext] Well known directory 'Root': 'C:\Users\amira\eslint\self-hosetd_runner\actions-runner'
[2023-11-22 19:02:50Z INFO ConfigurationStore] RootFolder: C:\Users\amira\eslint\self-hosetd_runner\actions-runner
[2023-11-22 19:02:50Z INFO HostContext] Well known directory 'Bin': 'C:\Users\amira\eslint\self-hosetd_runner\actions-runner\bin'
[2023-11-22 19:02:50Z INFO HostContext] Well known directory 'Root': 'C:\Users\amira\eslint\self-hosetd_runner\actions-runner'
[2023-11-22 19:02:50Z INFO HostContext] Well known config file 'Runner': 'C:\Users\amira\eslint\self-hosetd_runner\actions-runner\.runner'
[2023-11-22 19:02:50Z INFO ConfigurationStore] ConfigFilePath: C:\Users\amira\eslint\self-hosetd_runner\actions-runner\.runner
[2023-11-22 19:02:50Z INFO HostContext] Well known directory 'Bin': 'C:\Users\amira\eslint\self-hosetd_runner\actions-runner\bin'
[2023-11-22 19:02:50Z INFO HostContext] Well known directory 'Root': 'C:\Users\amira\eslint\self-hosetd_runner\actions-runner'
[2023-11-22 19:02:50Z INFO HostContext] Well known config file 'Credentials': 'C:\Users\amira\eslint\self-hosetd_runner\actions-runner\.credentials'
[2023-11-22 19:02:50Z INFO ConfigurationStore] CredFilePath: C:\Users\amira\eslint\self-hosetd_runner\actions-runner\.credentials
[2023-11-22 19:02:50Z INFO HostContext] Well known directory 'Bin': 'C:\Users\amira\eslint\self-hosetd_runner\actions-runner\bin'
[2023-11-22 19:02:50Z INFO HostContext] Well known directory 'Root': 'C:\Users\amira\eslint\self-hosetd_runner\actions-runner'
[2023-11-22 19:02:50Z INFO HostContext] Well known config file 'MigratedCredentials': 'C:\Users\amira\eslint\self-hosetd_runner\actions-runner\.credentials_migrated'
[2023-11-22 19:02:50Z INFO ConfigurationStore] MigratedCredFilePath: C:\Users\amira\eslint\self-hosetd_runner\actions-runner\.credentials_migrated
[2023-11-22 19:02:50Z INFO HostContext] Well known directory 'Bin': 'C:\Users\amira\eslint\self-hosetd_runner\actions-runner\bin'
[2023-11-22 19:02:50Z INFO HostContext] Well known directory 'Root': 'C:\Users\amira\eslint\self-hosetd_runner\actions-runner'
[2023-11-22 19:02:50Z INFO HostContext] Well known config file 'Service': 'C:\Users\amira\eslint\self-hosetd_runner\actions-runner\.service'
[2023-11-22 19:02:50Z INFO ConfigurationStore] ServiceConfigFilePath: C:\Users\amira\eslint\self-hosetd_runner\actions-runner\.service
[2023-11-22 19:02:50Z INFO CommandSettings] Flag 'help': 'False'
[2023-11-22 19:02:50Z INFO CommandSettings] Flag 'version': 'False'
[2023-11-22 19:02:50Z INFO CommandSettings] Flag 'commit': 'False'
[2023-11-22 19:02:50Z INFO CommandSettings] Flag 'check': 'False'
[2023-11-22 19:02:50Z INFO CommandSettings] Command 'configure': 'False'
[2023-11-22 19:02:50Z INFO CommandSettings] Command 'remove': 'False'
[2023-11-22 19:02:50Z INFO CommandSettings] Command 'warmup': 'False'
[2023-11-22 19:02:50Z INFO ConfigurationManager] LoadSettings
[2023-11-22 19:02:50Z INFO ConfigurationStore] IsConfigured()
[2023-11-22 19:02:50Z INFO ConfigurationStore] IsConfigured: True
[2023-11-22 19:02:50Z INFO ConfigurationManager] Is configured: True
[2023-11-22 19:02:50Z INFO ConfigurationStore] Read setting file: 320 chars
[2023-11-22 19:02:50Z INFO ConfigurationManager] Settings Loaded
[2023-11-22 19:02:50Z INFO ConfigurationStore] IsServiceConfigured()
[2023-11-22 19:02:50Z INFO ConfigurationStore] IsServiceConfigured: False
[2023-11-22 19:02:50Z INFO CommandSettings] Command 'run': 'True'
[2023-11-22 19:02:50Z INFO ConfigurationStore] IsConfigured()
[2023-11-22 19:02:50Z INFO ConfigurationStore] IsConfigured: True
[2023-11-22 19:02:50Z INFO ConfigurationManager] Is configured: True
[2023-11-22 19:02:50Z INFO Runner] Could not parse the argument value '' for StartupType. Defaulting to Manual
[2023-11-22 19:02:50Z INFO Runner] Set runner startup type - Manual
[2023-11-22 19:02:50Z INFO CommandSettings] Flag 'once': 'False'
[2023-11-22 19:02:50Z INFO CommandSettings] Flag 'once': 'False'
[2023-11-22 19:02:50Z INFO Runner] RunAsync
[2023-11-22 19:02:50Z INFO ConfigurationManager] LoadSettings
[2023-11-22 19:02:50Z INFO ConfigurationStore] IsConfigured()
[2023-11-22 19:02:50Z INFO ConfigurationStore] IsConfigured: True
[2023-11-22 19:02:50Z INFO ConfigurationManager] Is configured: True
[2023-11-22 19:02:50Z INFO ConfigurationManager] Settings Loaded
[2023-11-22 19:02:50Z INFO MessageListener] {
  "AgentId": 2,
  "AgentName": "DESKTOP-5J9HMJL",
  "PoolId": 1,
  "PoolName": "Default",
  "ServerUrl": "https://pipelinesghubeus4.actions.githubusercontent.com/rmuO20l86ZLumv4fWOHUz209bLjBvpcA8gWecmdmSwmExshEPa/",
  "GitHubUrl": "https://github.com/amiradagdoug/self_hosted_runner",
  "WorkFolder": "_work"
}
[2023-11-22 19:02:50Z INFO MessageListener] Loading Credentials
[2023-11-22 19:02:50Z INFO ConfigurationStore] HasCredentials()
[2023-11-22 19:02:50Z INFO ConfigurationStore] stored True
[2023-11-22 19:02:50Z INFO CredentialManager] GetCredentialProvider
[2023-11-22 19:02:50Z INFO CredentialManager] Creating type OAuth
[2023-11-22 19:02:50Z INFO CredentialManager] Creating credential type: OAuth
[2023-11-22 19:02:50Z INFO HostContext] Well known directory 'Bin': 'C:\Users\amira\eslint\self-hosetd_runner\actions-runner\bin'
[2023-11-22 19:02:50Z INFO HostContext] Well known directory 'Root': 'C:\Users\amira\eslint\self-hosetd_runner\actions-runner'
[2023-11-22 19:02:50Z INFO HostContext] Well known config file 'RSACredentials': 'C:\Users\amira\eslint\self-hosetd_runner\actions-runner\.credentials_rsaparams'
[2023-11-22 19:02:50Z INFO RSAEncryptedFileKeyManager] Loading RSA key parameters from file C:\Users\amira\eslint\self-hosetd_runner\actions-runner\.credentials_rsaparams
[2023-11-22 19:02:50Z INFO MessageListener] Attempt to create session.
[2023-11-22 19:02:50Z INFO MessageListener] Connecting to the Runner Server...
[2023-11-22 19:02:50Z INFO RunnerServer] EstablishVssConnection
[2023-11-22 19:02:50Z INFO RunnerServer] Establish connection with 100 seconds timeout.
[2023-11-22 19:02:50Z INFO GitHubActionsService] Starting operation Location.GetConnectionData
[2023-11-22 19:02:50Z INFO RunnerServer] EstablishVssConnection
[2023-11-22 19:02:50Z INFO RunnerServer] Establish connection with 60 seconds timeout.
[2023-11-22 19:02:50Z INFO GitHubActionsService] Starting operation Location.GetConnectionData
[2023-11-22 19:02:50Z INFO RunnerServer] EstablishVssConnection
[2023-11-22 19:02:50Z INFO RunnerServer] Establish connection with 60 seconds timeout.
[2023-11-22 19:02:50Z INFO GitHubActionsService] Starting operation Location.GetConnectionData
[2023-11-22 19:02:51Z INFO GitHubActionsService] Finished operation Location.GetConnectionData
[2023-11-22 19:02:51Z INFO GitHubActionsService] Finished operation Location.GetConnectionData
[2023-11-22 19:02:51Z INFO GitHubActionsService] Finished operation Location.GetConnectionData
[2023-11-22 19:02:51Z INFO MessageListener] VssConnection created
[2023-11-22 19:02:51Z INFO Terminal] WRITE LINE: 
[2023-11-22 19:02:51Z INFO Terminal] WRITE LINE: 
[2023-11-22 19:02:51Z INFO RSAEncryptedFileKeyManager] Loading RSA key parameters from file C:\Users\amira\eslint\self-hosetd_runner\actions-runner\.credentials_rsaparams
[2023-11-22 19:02:51Z INFO RSAEncryptedFileKeyManager] Loading RSA key parameters from file C:\Users\amira\eslint\self-hosetd_runner\actions-runner\.credentials_rsaparams
[2023-11-22 19:02:51Z INFO GitHubActionsService] AAD Correlation ID for this token request: Unknown
[2023-11-22 19:02:52Z INFO MessageListener] Session created.
[2023-11-22 19:02:52Z INFO Terminal] WRITE LINE: Current runner version: '2.311.0'
[2023-11-22 19:02:52Z INFO Terminal] WRITE LINE: 2023-11-22 19:02:52Z: Listening for Jobs
[2023-11-22 19:02:52Z INFO JobDispatcher] Set runner/worker IPC timeout to 30 seconds.
[2023-11-22 19:03:54Z INFO Terminal] WRITE LINE: Exiting...
[2023-11-22 19:03:54Z INFO ConfigurationStore] IsServiceConfigured()
[2023-11-22 19:03:54Z INFO ConfigurationStore] IsServiceConfigured: False
[2023-11-22 19:03:54Z INFO HostContext] Runner will be shutdown for UserCancelled
[2023-11-22 19:03:54Z WARN GitHubActionsService] GET request to https://pipelinesghubeus4.actions.githubusercontent.com/rmuO20l86ZLumv4fWOHUz209bLjBvpcA8gWecmdmSwmExshEPa/_apis/distributedtask/pools/1/messages?sessionId=3d65b021-0e5a-4ebf-97eb-7ebc41196179&status=Online&runnerVersion=2.311.0&os=Windows&architecture=X64 has been cancelled.
[2023-11-22 19:03:54Z INFO MessageListener] Get next message has been cancelled.
[2023-11-22 19:03:54Z INFO JobDispatcher] Shutting down JobDispatcher. Make sure all WorkerDispatcher has finished.
[2023-11-22 19:03:55Z INFO Listener] Runner execution been cancelled.
