[2023-11-22 19:00:22Z INFO HostContext] No proxy settings were found based on environmental variables (http_proxy/https_proxy/HTTP_PROXY/HTTPS_PROXY)
[2023-11-22 19:00:22Z INFO HostContext] Well known directory 'Bin': 'C:\Users\amira\eslint\self-hosetd_runner\actions-runner\bin'
[2023-11-22 19:00:22Z INFO HostContext] Well known directory 'Root': 'C:\Users\amira\eslint\self-hosetd_runner\actions-runner'
[2023-11-22 19:00:22Z INFO HostContext] Well known config file 'Credentials': 'C:\Users\amira\eslint\self-hosetd_runner\actions-runner\.credentials'
[2023-11-22 19:00:22Z INFO HostContext] Well known directory 'Bin': 'C:\Users\amira\eslint\self-hosetd_runner\actions-runner\bin'
[2023-11-22 19:00:22Z INFO HostContext] Well known directory 'Root': 'C:\Users\amira\eslint\self-hosetd_runner\actions-runner'
[2023-11-22 19:00:22Z INFO HostContext] Well known config file 'Runner': 'C:\Users\amira\eslint\self-hosetd_runner\actions-runner\.runner'
[2023-11-22 19:00:22Z INFO Listener] Runner is built for Windows (X64) - win-x64.
[2023-11-22 19:00:22Z INFO Listener] RuntimeInformation: Microsoft Windows 10.0.22621.
[2023-11-22 19:00:22Z INFO Listener] Version: 2.311.0
[2023-11-22 19:00:22Z INFO Listener] Commit: f5cff308c83746dddd726a9a28a1583872305aaa
[2023-11-22 19:00:22Z INFO Listener] Culture: de-IT
[2023-11-22 19:00:22Z INFO Listener] UI Culture: de-DE
[2023-11-22 19:00:22Z INFO HostContext] Well known directory 'Bin': 'C:\Users\amira\eslint\self-hosetd_runner\actions-runner\bin'
[2023-11-22 19:00:22Z INFO HostContext] Well known directory 'Root': 'C:\Users\amira\eslint\self-hosetd_runner\actions-runner'
[2023-11-22 19:00:22Z INFO Listener] Validating directory permissions for: 'C:\Users\amira\eslint\self-hosetd_runner\actions-runner'
[2023-11-22 19:00:22Z INFO CommandLineParser] Parse
[2023-11-22 19:00:22Z INFO CommandLineParser] Parsing 5 args
[2023-11-22 19:00:22Z INFO CommandLineParser] parsing argument
[2023-11-22 19:00:22Z INFO CommandLineParser] HasArgs: False
[2023-11-22 19:00:22Z INFO CommandLineParser] Adding Command: configure
[2023-11-22 19:00:22Z INFO CommandLineParser] parsing argument
[2023-11-22 19:00:22Z INFO CommandLineParser] HasArgs: True
[2023-11-22 19:00:22Z INFO CommandLineParser] arg: url
[2023-11-22 19:00:22Z INFO CommandLineParser] parsing argument
[2023-11-22 19:00:22Z INFO CommandLineParser] HasArgs: True
[2023-11-22 19:00:22Z INFO CommandLineParser] Adding option 'url': 'https://github.com/amiradagdoug/self_hosted_runner'
[2023-11-22 19:00:22Z INFO CommandLineParser] parsing argument
[2023-11-22 19:00:22Z INFO CommandLineParser] HasArgs: True
[2023-11-22 19:00:22Z INFO CommandLineParser] arg: token
[2023-11-22 19:00:22Z INFO CommandLineParser] parsing argument
[2023-11-22 19:00:22Z INFO CommandLineParser] HasArgs: True
[2023-11-22 19:00:22Z INFO CommandLineParser] Adding option 'token': '***'
[2023-11-22 19:00:22Z INFO Listener] Arguments parsed
[2023-11-22 19:00:22Z INFO Runner] ExecuteCommand
[2023-11-22 19:00:22Z INFO ConfigurationStore] currentAssemblyLocation: C:\Users\amira\eslint\self-hosetd_runner\actions-runner\bin\Runner.Listener.dll
[2023-11-22 19:00:22Z INFO HostContext] Well known directory 'Bin': 'C:\Users\amira\eslint\self-hosetd_runner\actions-runner\bin'
[2023-11-22 19:00:22Z INFO ConfigurationStore] binPath: C:\Users\amira\eslint\self-hosetd_runner\actions-runner\bin
[2023-11-22 19:00:22Z INFO HostContext] Well known directory 'Bin': 'C:\Users\amira\eslint\self-hosetd_runner\actions-runner\bin'
[2023-11-22 19:00:22Z INFO HostContext] Well known directory 'Root': 'C:\Users\amira\eslint\self-hosetd_runner\actions-runner'
[2023-11-22 19:00:22Z INFO ConfigurationStore] RootFolder: C:\Users\amira\eslint\self-hosetd_runner\actions-runner
[2023-11-22 19:00:22Z INFO HostContext] Well known directory 'Bin': 'C:\Users\amira\eslint\self-hosetd_runner\actions-runner\bin'
[2023-11-22 19:00:22Z INFO HostContext] Well known directory 'Root': 'C:\Users\amira\eslint\self-hosetd_runner\actions-runner'
[2023-11-22 19:00:22Z INFO HostContext] Well known config file 'Runner': 'C:\Users\amira\eslint\self-hosetd_runner\actions-runner\.runner'
[2023-11-22 19:00:22Z INFO ConfigurationStore] ConfigFilePath: C:\Users\amira\eslint\self-hosetd_runner\actions-runner\.runner
[2023-11-22 19:00:22Z INFO HostContext] Well known directory 'Bin': 'C:\Users\amira\eslint\self-hosetd_runner\actions-runner\bin'
[2023-11-22 19:00:22Z INFO HostContext] Well known directory 'Root': 'C:\Users\amira\eslint\self-hosetd_runner\actions-runner'
[2023-11-22 19:00:22Z INFO HostContext] Well known config file 'Credentials': 'C:\Users\amira\eslint\self-hosetd_runner\actions-runner\.credentials'
[2023-11-22 19:00:22Z INFO ConfigurationStore] CredFilePath: C:\Users\amira\eslint\self-hosetd_runner\actions-runner\.credentials
[2023-11-22 19:00:22Z INFO HostContext] Well known directory 'Bin': 'C:\Users\amira\eslint\self-hosetd_runner\actions-runner\bin'
[2023-11-22 19:00:22Z INFO HostContext] Well known directory 'Root': 'C:\Users\amira\eslint\self-hosetd_runner\actions-runner'
[2023-11-22 19:00:22Z INFO HostContext] Well known config file 'MigratedCredentials': 'C:\Users\amira\eslint\self-hosetd_runner\actions-runner\.credentials_migrated'
[2023-11-22 19:00:22Z INFO ConfigurationStore] MigratedCredFilePath: C:\Users\amira\eslint\self-hosetd_runner\actions-runner\.credentials_migrated
[2023-11-22 19:00:22Z INFO HostContext] Well known directory 'Bin': 'C:\Users\amira\eslint\self-hosetd_runner\actions-runner\bin'
[2023-11-22 19:00:22Z INFO HostContext] Well known directory 'Root': 'C:\Users\amira\eslint\self-hosetd_runner\actions-runner'
[2023-11-22 19:00:22Z INFO HostContext] Well known config file 'Service': 'C:\Users\amira\eslint\self-hosetd_runner\actions-runner\.service'
[2023-11-22 19:00:22Z INFO ConfigurationStore] ServiceConfigFilePath: C:\Users\amira\eslint\self-hosetd_runner\actions-runner\.service
[2023-11-22 19:00:22Z INFO CommandSettings] Flag 'help': 'False'
[2023-11-22 19:00:22Z INFO CommandSettings] Flag 'version': 'False'
[2023-11-22 19:00:22Z INFO CommandSettings] Flag 'commit': 'False'
[2023-11-22 19:00:22Z INFO CommandSettings] Flag 'check': 'False'
[2023-11-22 19:00:22Z INFO CommandSettings] Command 'configure': 'True'
[2023-11-22 19:00:22Z INFO Terminal] WRITE LINE: 
[2023-11-22 19:00:22Z INFO Terminal] WRITE LINE: --------------------------------------------------------------------------------
[2023-11-22 19:00:22Z INFO Terminal] WRITE LINE: |        ____ _ _   _   _       _          _        _   _                      |
[2023-11-22 19:00:22Z INFO Terminal] WRITE LINE: |       / ___(_) |_| | | |_   _| |__      / \   ___| |_(_) ___  _ __  ___      |
[2023-11-22 19:00:22Z INFO Terminal] WRITE LINE: |      | |  _| | __| |_| | | | | '_ \    / _ \ / __| __| |/ _ \| '_ \/ __|     |
[2023-11-22 19:00:22Z INFO Terminal] WRITE LINE: |      | |_| | | |_|  _  | |_| | |_) |  / ___ \ (__| |_| | (_) | | | \__ \     |
[2023-11-22 19:00:22Z INFO Terminal] WRITE LINE: |       \____|_|\__|_| |_|\__,_|_.__/  /_/   \_\___|\__|_|\___/|_| |_|___/     |
[2023-11-22 19:00:22Z INFO Terminal] WRITE LINE: |                                                                              |
[2023-11-22 19:00:22Z INFO Terminal] WRITE: |                       
[2023-11-22 19:00:22Z INFO Terminal] WRITE: Self-hosted runner registration
[2023-11-22 19:00:22Z INFO Terminal] WRITE LINE:                         |
[2023-11-22 19:00:22Z INFO Terminal] WRITE LINE: |                                                                              |
[2023-11-22 19:00:22Z INFO Terminal] WRITE LINE: --------------------------------------------------------------------------------
[2023-11-22 19:00:22Z INFO ConfigurationManager] ConfigureAsync
[2023-11-22 19:00:22Z INFO CommandSettings] Flag 'generateServiceConfig': 'False'
[2023-11-22 19:00:22Z INFO ConfigurationStore] IsConfigured()
[2023-11-22 19:00:22Z INFO ConfigurationStore] IsConfigured: False
[2023-11-22 19:00:22Z INFO ConfigurationManager] Is configured: False
[2023-11-22 19:00:22Z INFO CommandSettings] Arg 'url': 'https://github.com/amiradagdoug/self_hosted_runner'
[2023-11-22 19:00:22Z INFO CommandSettings] Remove url from Arg dictionary.
[2023-11-22 19:00:22Z INFO CommandSettings] Arg 'token': '***'
[2023-11-22 19:00:22Z INFO CommandSettings] Remove token from Arg dictionary.
[2023-11-22 19:00:25Z INFO ConfigurationManager] Http response code: OK from 'POST https://api.github.com/actions/runner-registration' (C983:10F1B:57657A5D:58696611:655E4FC9)
[2023-11-22 19:00:25Z INFO ConfigurationManager] Using V2 flow: False
[2023-11-22 19:00:25Z INFO ConfigurationManager] cred retrieved via GitHub auth
[2023-11-22 19:00:25Z INFO RunnerServer] EstablishVssConnection
[2023-11-22 19:00:25Z INFO RunnerServer] Establish connection with 100 seconds timeout.
[2023-11-22 19:00:25Z INFO GitHubActionsService] Starting operation Location.GetConnectionData
[2023-11-22 19:00:25Z INFO RunnerServer] EstablishVssConnection
[2023-11-22 19:00:25Z INFO RunnerServer] Establish connection with 60 seconds timeout.
[2023-11-22 19:00:25Z INFO GitHubActionsService] Starting operation Location.GetConnectionData
[2023-11-22 19:00:25Z INFO RunnerServer] EstablishVssConnection
[2023-11-22 19:00:25Z INFO RunnerServer] Establish connection with 60 seconds timeout.
[2023-11-22 19:00:25Z INFO GitHubActionsService] Starting operation Location.GetConnectionData
[2023-11-22 19:00:26Z INFO GitHubActionsService] Finished operation Location.GetConnectionData
[2023-11-22 19:00:26Z INFO GitHubActionsService] Finished operation Location.GetConnectionData
[2023-11-22 19:00:26Z INFO GitHubActionsService] Finished operation Location.GetConnectionData
[2023-11-22 19:00:26Z INFO Terminal] WRITE LINE: 
[2023-11-22 19:00:26Z INFO ConfigurationManager] Test Connection complete.
[2023-11-22 19:00:26Z INFO HostContext] Well known directory 'Bin': 'C:\Users\amira\eslint\self-hosetd_runner\actions-runner\bin'
[2023-11-22 19:00:26Z INFO HostContext] Well known directory 'Root': 'C:\Users\amira\eslint\self-hosetd_runner\actions-runner'
[2023-11-22 19:00:26Z INFO HostContext] Well known config file 'RSACredentials': 'C:\Users\amira\eslint\self-hosetd_runner\actions-runner\.credentials_rsaparams'
[2023-11-22 19:00:26Z INFO RSAEncryptedFileKeyManager] Creating new RSA key using 2048-bit key length
[2023-11-22 19:00:26Z INFO RSAEncryptedFileKeyManager] Successfully saved RSA key parameters to file C:\Users\amira\eslint\self-hosetd_runner\actions-runner\.credentials_rsaparams
[2023-11-22 19:00:26Z INFO CommandSettings] Arg 'runnergroup': ''
[2023-11-22 19:00:26Z INFO CommandSettings] Flag 'unattended': 'False'
[2023-11-22 19:00:26Z INFO PromptManager] ReadValue
[2023-11-22 19:00:26Z INFO Terminal] WRITE: Enter the name of the runner group to add this runner to: 
[2023-11-22 19:00:26Z INFO Terminal] WRITE: [press Enter for Default] 
[2023-11-22 19:00:26Z INFO Terminal] READ LINE
[2023-11-22 19:00:44Z INFO Terminal] Read value: 'my_github_runner'
[2023-11-22 19:00:44Z INFO Terminal] WRITE LINE: 
[2023-11-22 19:00:44Z ERR  Runner] GitHub.DistributedTask.WebApi.TaskAgentPoolNotFoundException: Could not find any self-hosted runner group named "my_github_runner".
   at GitHub.Runner.Listener.Configuration.ConfigurationManager.ConfigureAsync(CommandSettings command)
   at GitHub.Runner.Listener.Runner.ExecuteCommand(CommandSettings command)
[2023-11-22 19:00:44Z ERR  Terminal] WRITE ERROR: Could not find any self-hosted runner group named "my_github_runner".
[2023-11-22 19:00:44Z INFO Listener] Runner execution has finished with return code 1
